<?xml version="1.0" encoding="UTF-8"?>
<!-- Generated by org.testng.reporters.JUnitXMLReporter -->
<testsuite ignored="3" hostname="LAPTOP-3O21V2C5" failures="0" tests="1" name="CreateAccounttwo" time="49.725" errors="0" timestamp="2024-11-05T13:18:44 IST">
  <testcase classname="testExecution.TC001_TC009_CreateAnAccount" name="createAccountPage" time="34.983"/>
  <testcase classname="testExecution.TC001_TC009_CreateAnAccount" name="accountRegister" time="0.0">
    <ignored/>
  </testcase> <!-- accountRegister -->
  <testcase classname="testExecution.TC001_TC009_CreateAnAccount" name="emptyInputFields" time="0.0">
    <ignored/>
  </testcase> <!-- emptyInputFields -->
  <testcase classname="testExecution.TC001_TC009_CreateAnAccount" name="validInputFields" time="0.0">
    <ignored/>
  </testcase> <!-- validInputFields -->
</testsuite> <!-- CreateAccounttwo -->
