<?xml version="1.0" encoding="UTF-8"?>
<!-- Generated by org.testng.reporters.JUnitXMLReporter -->
<testsuite ignored="17" hostname="LAPTOP-3O21V2C5" failures="0" tests="1" name="CreateAccountMavenTest" time="26.832" errors="0" timestamp="2024-11-11T09:36:56 IST">
  <testcase classname="testExecution.CreateAnAccountTest" name="createAccountPage_TC001_TC009" time="8.319"/>
  <testcase classname="testExecution.SignInTest" name="validateSignINInput_TC068_to_TC071" time="0.0">
    <ignored/>
  </testcase> <!-- validateSignINInput_TC068_to_TC071 -->
  <testcase classname="testExecution.SignInTest" name="footerLinks_TC095_TC101" time="0.0">
    <ignored/>
  </testcase> <!-- footerLinks_TC095_TC101 -->
  <testcase classname="testExecution.CreateAnAccountTest" name="navigateToSignIN_049_050" time="0.0">
    <ignored/>
  </testcase> <!-- navigateToSignIN_049_050 -->
  <testcase classname="testExecution.CreateAnAccountTest" name="agreementsBestBuy_TC044_TC046" time="0.0">
    <ignored/>
  </testcase> <!-- agreementsBestBuy_TC044_TC046 -->
  <testcase classname="testExecution.SignInTest" name="agreementBestbuy_TC085_to_TC087" time="0.0">
    <ignored/>
  </testcase> <!-- agreementBestbuy_TC085_to_TC087 -->
  <testcase classname="testExecution.CreateAnAccountTest" name="footerLinks" time="0.0">
    <ignored/>
  </testcase> <!-- footerLinks -->
  <testcase classname="testExecution.CreateAnAccountTest" name="validInputFields_TC003_TC011" time="0.0">
    <ignored/>
  </testcase> <!-- validInputFields_TC003_TC011 -->
  <testcase classname="testExecution.SignInTest" name="invalidateSignInInput_TC072_to_TC077" time="0.0">
    <ignored/>
  </testcase> <!-- invalidateSignInInput_TC072_to_TC077 -->
  <testcase classname="testExecution.CreateAnAccountTest" name="headerLinkToGetBack_TC056_TC058" time="0.0">
    <ignored/>
  </testcase> <!-- headerLinkToGetBack_TC056_TC058 -->
  <testcase classname="testExecution.HomePageTest" name="brokenURLHomepage_TC102_to_TC103" time="0.0">
    <ignored/>
  </testcase> <!-- brokenURLHomepage_TC102_to_TC103 -->
  <testcase classname="testExecution.CreateAnAccountTest" name="verifyAllPlaceHolder" time="0.0">
    <ignored/>
  </testcase> <!-- verifyAllPlaceHolder -->
  <testcase classname="testExecution.CreateAnAccountTest" name="invalidCredentials" time="0.0">
    <ignored/>
  </testcase> <!-- invalidCredentials -->
  <testcase classname="testExecution.SignInTest" name="signInPage_TC061" time="0.0">
    <ignored/>
  </testcase> <!-- signInPage_TC061 -->
  <testcase classname="testExecution.HomePageTest" name="searchAddItemsCart" time="0.0">
    <ignored/>
  </testcase> <!-- searchAddItemsCart -->
  <testcase classname="testExecution.CreateAnAccountTest" name="emptyCredentials_TC013_to_TC018" time="0.0">
    <ignored/>
  </testcase> <!-- emptyCredentials_TC013_to_TC018 -->
  <testcase classname="testExecution.HomePageTest" name="bottomOrderPurchasesLinks_TC104_to_TC110" time="0.0">
    <ignored/>
  </testcase> <!-- bottomOrderPurchasesLinks_TC104_to_TC110 -->
  <testcase classname="testExecution.SignInTest" name="redirectToCreateAccount_TC092_to_TC094" time="0.0">
    <ignored/>
  </testcase> <!-- redirectToCreateAccount_TC092_to_TC094 -->
</testsuite> <!-- CreateAccountMavenTest -->
