<?xml version="1.0" encoding="UTF-8"?>
<!-- Generated by org.testng.reporters.JUnitXMLReporter -->
<testsuite ignored="2" hostname="LAPTOP-3O21V2C5" failures="0" tests="1" name="SignInPageFireFox" time="19.067" errors="0" timestamp="2024-11-06T19:55:42 IST">
  <testcase classname="testExecution.TC001_TC009_CreateAnAccount" name="signinPage" time="5.739"/>
  <testcase classname="testExecution.TC001_TC009_CreateAnAccount" name="createAccountPage" time="0.0">
    <ignored/>
  </testcase> <!-- createAccountPage -->
  <testcase classname="testExecution.TC001_TC009_CreateAnAccount" name="validInputFields" time="0.0">
    <ignored/>
  </testcase> <!-- validInputFields -->
</testsuite> <!-- SignInPageFireFox -->
