<?xml version="1.0" encoding="UTF-8"?>
<!-- Generated by org.testng.reporters.JUnitXMLReporter -->
<testsuite ignored="1" hostname="LAPTOP-3O21V2C5" failures="0" tests="2" name="SignInPageChrome" time="22.38" errors="0" timestamp="2024-11-06T20:41:32 IST">
  <testcase classname="testExecution.TC001_TC009_CreateAnAccount" name="createAccountPage" time="5.149"/>
  <testcase classname="testExecution.TC001_TC009_CreateAnAccount" name="validInputFields" time="3.725"/>
  <testcase classname="testExecution.TC001_TC009_CreateAnAccount" name="signinPage" time="0.0">
    <ignored/>
  </testcase> <!-- signinPage -->
</testsuite> <!-- SignInPageChrome -->
