<?xml version="1.0" encoding="UTF-8"?>
<testsuite xmlns:xsi="http://www.w3.org/2001/XMLSchema-instance" xsi:noNamespaceSchemaLocation="https://maven.apache.org/surefire/maven-surefire-plugin/xsd/surefire-test-report.xsd" version="3.0.2" name="TestSuite" time="25.144" tests="1" errors="0" skipped="0" failures="0">
  <properties>
[...]
</properties>
  <testcase name="createAccountPage_TC001_TC009" classname="testExecution.CreateAnAccountTest" time="8.904">
    <system-out><![CDATA[...
... TestNG 7.10.2 by Cédric Beust (cedric@beust.com)
...

2024-11-11 09:38:30 [main] INFO  testExecution.BaseClass - Chrome Browser as Launched Successfully!.

User Successfully reached : Create an Account

]]></system-out>
  </testcase>
</testsuite>