<?xml version="1.0" encoding="UTF-8"?>
<testng-results ignored="0" total="1" passed="1" failed="0" skipped="0">
  <reporter-output>
  </reporter-output>
  <suite started-at="2024-11-11T09:38:26 IST" name="AccountRegistration" finished-at="2024-11-11T09:38:49 IST" duration-ms="23601">
    <groups>
      <group name="maventest">
        <method signature="CreateAnAccountTest.createAccountPage_TC001_TC009()[pri:0, instance:testExecution.CreateAnAccountTest@64337702]" name="createAccountPage_TC001_TC009" class="testExecution.CreateAnAccountTest"/>
      </group> <!-- maventest -->
    </groups>
    <test started-at="2024-11-11T09:38:26 IST" name="CreateAccountMavenTest" finished-at="2024-11-11T09:38:49 IST" duration-ms="23601">
      <class name="testExecution.CreateAnAccountTest">
        <test-method is-config="true" signature="setUp(java.lang.String,java.lang.String,java.lang.String)[pri:0, instance:testExecution.CreateAnAccountTest@64337702]" started-at="2024-11-11T09:38:26 IST" name="setUp" finished-at="2024-11-11T09:38:40 IST" duration-ms="14630" status="PASS">
          <params>
            <param index="0">
              <value>
                <![CDATA[Localhost]]>
              </value>
            </param>
            <param index="1">
              <value>
                <![CDATA[Windows]]>
              </value>
            </param>
            <param index="2">
              <value>
                <![CDATA[Chrome]]>
              </value>
            </param>
          </params>
          <reporter-output>
          </reporter-output>
        </test-method> <!-- setUp -->
        <test-method signature="createAccountPage_TC001_TC009()[pri:0, instance:testExecution.CreateAnAccountTest@64337702]" started-at="2024-11-11T09:38:40 IST" name="createAccountPage_TC001_TC009" description="Verify we can navigate to Create an Account." finished-at="2024-11-11T09:38:49 IST" duration-ms="8905" status="PASS">
          <reporter-output>
          </reporter-output>
        </test-method> <!-- createAccountPage_TC001_TC009 -->
      </class> <!-- testExecution.CreateAnAccountTest -->
    </test> <!-- CreateAccountMavenTest -->
  </suite> <!-- AccountRegistration -->
</testng-results>
